0 info it worked if it ends with ok
1 verbose cli [ '/usr/local/bin/node', '/usr/local/bin/npm', 'start' ]
2 info using npm@3.8.9
3 info using node@v6.2.0
4 verbose run-script [ 'prestart', 'start', 'poststart' ]
5 info lifecycle me@0.0.1~prestart: me@0.0.1
6 silly lifecycle me@0.0.1~prestart: no script for prestart, continuing
7 info lifecycle me@0.0.1~start: me@0.0.1
8 verbose lifecycle me@0.0.1~start: unsafe-perm in lifecycle true
9 verbose lifecycle me@0.0.1~start: PATH: /usr/local/lib/node_modules/npm/bin/node-gyp-bin:/Users/wongyashu/workspace/node/me/node_modules/.bin:/usr/local/bin:/usr/local/go/bin:/usr/local/redis/src:/usr/local/mongo/bin:/usr/local/bin:/usr/bin:/bin:/usr/sbin:/sbin:/usr/local/git/bin:/usr/local/go/bin:/usr/local/activator:/usr/local/android-sdk/tools:/usr/local/maven/bin:/usr/local/nwjs.app/Contents/MacOS:/Users/wongyashu/workspace/bin
10 verbose lifecycle me@0.0.1~start: CWD: /Users/wongyashu/workspace/node/me
11 silly lifecycle me@0.0.1~start: Args: [ '-c', 'npm run build && node dist/main.js' ]
12 silly lifecycle me@0.0.1~start: Returned: code: 1  signal: null
13 info lifecycle me@0.0.1~start: Failed to exec start script
14 verbose stack Error: me@0.0.1 start: `npm run build && node dist/main.js`
14 verbose stack Exit status 1
14 verbose stack     at EventEmitter.<anonymous> (/usr/local/lib/node_modules/npm/lib/utils/lifecycle.js:245:16)
14 verbose stack     at emitTwo (events.js:106:13)
14 verbose stack     at EventEmitter.emit (events.js:191:7)
14 verbose stack     at ChildProcess.<anonymous> (/usr/local/lib/node_modules/npm/lib/utils/spawn.js:24:14)
14 verbose stack     at emitTwo (events.js:106:13)
14 verbose stack     at ChildProcess.emit (events.js:191:7)
14 verbose stack     at maybeClose (internal/child_process.js:850:16)
14 verbose stack     at Process.ChildProcess._handle.onexit (internal/child_process.js:215:5)
15 verbose pkgid me@0.0.1
16 verbose cwd /Users/wongyashu/workspace/node/me
17 error Darwin 14.5.0
18 error argv "/usr/local/bin/node" "/usr/local/bin/npm" "start"
19 error node v6.2.0
20 error npm  v3.8.9
21 error code ELIFECYCLE
22 error me@0.0.1 start: `npm run build && node dist/main.js`
22 error Exit status 1
23 error Failed at the me@0.0.1 start script 'npm run build && node dist/main.js'.
23 error Make sure you have the latest version of node.js and npm installed.
23 error If you do, this is most likely a problem with the me package,
23 error not with npm itself.
23 error Tell the author that this fails on your system:
23 error     npm run build && node dist/main.js
23 error You can get information on how to open an issue for this project with:
23 error     npm bugs me
23 error Or if that isn't available, you can get their info via:
23 error     npm owner ls me
23 error There is likely additional logging output above.
24 verbose exit [ 1, true ]
